Creating Zarr event loop
Using selector: EpollSelector
Creating Zarr event loop
Using selector: EpollSelector
Creating Zarr event loop
Using selector: EpollSelector
Creating Zarr event loop
key=volume/data, store_path=file:///data/joon/Dataset/FourierNetData/LarvalJebrafish/interpolated_1.625um/zjabc_train/2020-03-17-Elavl3-H2B-GC7f_gfapjRGECO1b/fish4_elavl3H2BGC7f_gfapjRGECO1b_rescaleZ.zarr/volume/data
Using selector: EpollSelector
key=volume?attrs, store_path=file:///data/joon/Dataset/FourierNetData/LarvalJebrafish/interpolated_1.625um/zjabc_train/2020-03-17-Elavl3-H2B-GC7f_gfapjRGECO1b/fish4_elavl3H2BGC7f_gfapjRGECO1b_rescaleZ.zarr/volume?attrs
key=volume/data, store_path=file:///data/joon/Dataset/FourierNetData/LarvalJebrafish/interpolated_1.625um/zjabc_train/2020-02-27_abc-Elavl3-H2B-GCaMP/022720_fish1_rescaleZ.zarr/volume/data
Creating Zarr event loop
key=volume/data, store_path=file:///data/joon/Dataset/FourierNetData/LarvalJebrafish/interpolated_1.625um/zjabc_train/2020-03-18-Elavl3-H2B-GC7f_gfapjRGECO1b/fish1_elavl3H2BGC7f_gfapjRGECO1b_rescaleZ.zarr/volume/data
Creating Zarr event loop
Using selector: EpollSelector
Using selector: EpollSelector
key=volume?attrs, store_path=file:///data/joon/Dataset/FourierNetData/LarvalJebrafish/interpolated_1.625um/zjabc_train/2020-02-27_abc-Elavl3-H2B-GCaMP/022720_fish1_rescaleZ.zarr/volume?attrs
Creating Zarr event loop
Using selector: EpollSelector
key=volume?attrs, store_path=file:///data/joon/Dataset/FourierNetData/LarvalJebrafish/interpolated_1.625um/zjabc_train/2020-03-18-Elavl3-H2B-GC7f_gfapjRGECO1b/fish1_elavl3H2BGC7f_gfapjRGECO1b_rescaleZ.zarr/volume?attrs
key=volume/data, store_path=file:///data/joon/Dataset/FourierNetData/LarvalJebrafish/interpolated_1.625um/zjabc_train/2020-03-17-Elavl3-H2B-GC7f_gfapjRGECO1b/fish1_elavl3H2BGC7f_gfapjRGECO1b_rescaleZ.zarr/volume/data
key=volume/data, store_path=file:///data/joon/Dataset/FourierNetData/LarvalJebrafish/interpolated_1.625um/zjabc_train/2020-03-03-Elavl3-H2B-GCaMP/2# huc_h2b-gc7ff_vglut2_jRGECO_6dpf_rescaleZ.zarr/volume/data
key=volume/data, store_path=file:///data/joon/Dataset/FourierNetData/LarvalJebrafish/interpolated_1.625um/zjabc_train/2019-12-16-5dpf-Huc-H2B-G7FF/001_5dpf-Huc-H2B_rescaleZ.zarr/volume/data
key=volume?attrs, store_path=file:///data/joon/Dataset/FourierNetData/LarvalJebrafish/interpolated_1.625um/zjabc_train/2020-03-17-Elavl3-H2B-GC7f_gfapjRGECO1b/fish1_elavl3H2BGC7f_gfapjRGECO1b_rescaleZ.zarr/volume?attrs
Creating Zarr event loop
key=volume?attrs, store_path=file:///data/joon/Dataset/FourierNetData/LarvalJebrafish/interpolated_1.625um/zjabc_train/2020-03-03-Elavl3-H2B-GCaMP/2# huc_h2b-gc7ff_vglut2_jRGECO_6dpf_rescaleZ.zarr/volume?attrs
Using selector: EpollSelector
key=volume?attrs, store_path=file:///data/joon/Dataset/FourierNetData/LarvalJebrafish/interpolated_1.625um/zjabc_train/2019-12-16-5dpf-Huc-H2B-G7FF/001_5dpf-Huc-H2B_rescaleZ.zarr/volume?attrs
key=volume/data, store_path=file:///data/joon/Dataset/FourierNetData/LarvalJebrafish/interpolated_1.625um/zjabc_train/2020-03-03-Elavl3-H2B-GCaMP/2# huc_h2b-gc7ff_vglut2_jRGECO_6dpf_rescaleZ.zarr/volume/data
key=volume?attrs, store_path=file:///data/joon/Dataset/FourierNetData/LarvalJebrafish/interpolated_1.625um/zjabc_train/2020-03-03-Elavl3-H2B-GCaMP/2# huc_h2b-gc7ff_vglut2_jRGECO_6dpf_rescaleZ.zarr/volume?attrs
key=volume/data, store_path=file:///data/joon/Dataset/FourierNetData/LarvalJebrafish/interpolated_1.625um/zjabc_train/2020-03-15-_Elavl3-H2B-GC7ff_gfapjRGECO1b/fish3_elavl3GC7ff_gfapjRGECO1b_rescaleZ.zarr/volume/data
key=volume?attrs, store_path=file:///data/joon/Dataset/FourierNetData/LarvalJebrafish/interpolated_1.625um/zjabc_train/2020-03-15-_Elavl3-H2B-GC7ff_gfapjRGECO1b/fish3_elavl3GC7ff_gfapjRGECO1b_rescaleZ.zarr/volume?attrs
key=volume/data, store_path=file:///data/joon/Dataset/FourierNetData/LarvalJebrafish/interpolated_1.625um/zjabc_train/2020-02-25_abc-Elavl3-H2B-GCaMP+Cytosolic-GCaMP/fish8_nored_2020_02_25__10_33_47-Huc-H2B_rescaleZ.zarr/volume/data
key=volume?attrs, store_path=file:///data/joon/Dataset/FourierNetData/LarvalJebrafish/interpolated_1.625um/zjabc_train/2020-02-25_abc-Elavl3-H2B-GCaMP+Cytosolic-GCaMP/fish8_nored_2020_02_25__10_33_47-Huc-H2B_rescaleZ.zarr/volume?attrs
key=volume/data, store_path=file:///data/joon/Dataset/FourierNetData/LarvalJebrafish/interpolated_1.625um/zjabc_train/2020-03-02-6dpf-elavl3-H2B-jRGECO/6dpf-elva3-H2B-jRGECO-fish007_rescaleZ.zarr/volume/data
key=volume?attrs, store_path=file:///data/joon/Dataset/FourierNetData/LarvalJebrafish/interpolated_1.625um/zjabc_train/2020-03-02-6dpf-elavl3-H2B-jRGECO/6dpf-elva3-H2B-jRGECO-fish007_rescaleZ.zarr/volume?attrs
key=volume/data, store_path=file:///data/joon/Dataset/FourierNetData/LarvalJebrafish/interpolated_1.625um/zjabc_train/2020-02-25_abc-Elavl3-H2B-GCaMP+Cytosolic-GCaMP/fish9_2020_02_25__11_39_12-Huc-H2B_rescaleZ.zarr/volume/data
key=volume?attrs, store_path=file:///data/joon/Dataset/FourierNetData/LarvalJebrafish/interpolated_1.625um/zjabc_train/2020-02-25_abc-Elavl3-H2B-GCaMP+Cytosolic-GCaMP/fish9_2020_02_25__11_39_12-Huc-H2B_rescaleZ.zarr/volume?attrs
key=volume/data, store_path=file:///data/joon/Dataset/FourierNetData/LarvalJebrafish/interpolated_1.625um/zjabc_train/2019-12-10-6dpf-Huc-H2B-jRGECO/001_6dpf_Huc-RGECO-H2B-G6f_rescaleZ.zarr/volume/data
key=volume/data, store_path=file:///data/joon/Dataset/FourierNetData/LarvalJebrafish/interpolated_1.625um/zjabc_train/2020-03-18-Elavl3-H2B-GC7f_gfapjRGECO1b/fish2_elavl3H2BGC7f_gfapjRGECO1a_rescaleZ.zarr/volume/data
key=volume?attrs, store_path=file:///data/joon/Dataset/FourierNetData/LarvalJebrafish/interpolated_1.625um/zjabc_train/2019-12-10-6dpf-Huc-H2B-jRGECO/001_6dpf_Huc-RGECO-H2B-G6f_rescaleZ.zarr/volume?attrs
key=volume?attrs, store_path=file:///data/joon/Dataset/FourierNetData/LarvalJebrafish/interpolated_1.625um/zjabc_train/2020-03-18-Elavl3-H2B-GC7f_gfapjRGECO1b/fish2_elavl3H2BGC7f_gfapjRGECO1a_rescaleZ.zarr/volume?attrs
key=volume/data, store_path=file:///data/joon/Dataset/FourierNetData/LarvalJebrafish/interpolated_1.625um/zjabc_train/2019-12-17-6dpf-Huc-H2B-G7FF/005_6dpf_huc-H2b_fish_rescaleZ.zarr/volume/data
key=volume?attrs, store_path=file:///data/joon/Dataset/FourierNetData/LarvalJebrafish/interpolated_1.625um/zjabc_train/2019-12-17-6dpf-Huc-H2B-G7FF/005_6dpf_huc-H2b_fish_rescaleZ.zarr/volume?attrs
key=volume/data, store_path=file:///data/joon/Dataset/FourierNetData/LarvalJebrafish/interpolated_1.625um/zjabc_train/2020-03-18-Elavl3-H2B-GC7f_gfapjRGECO1b/fish1_elavl3H2BGC7f_gfapjRGECO1b_rescaleZ.zarr/volume/data
key=volume?attrs, store_path=file:///data/joon/Dataset/FourierNetData/LarvalJebrafish/interpolated_1.625um/zjabc_train/2020-03-18-Elavl3-H2B-GC7f_gfapjRGECO1b/fish1_elavl3H2BGC7f_gfapjRGECO1b_rescaleZ.zarr/volume?attrs
Creating Zarr event loop
Using selector: EpollSelector
Creating Zarr event loop
Creating Zarr event loop
Creating Zarr event loop
Creating Zarr event loop
Using selector: EpollSelector
Creating Zarr event loop
Using selector: EpollSelector
Using selector: EpollSelector
Using selector: EpollSelector
Using selector: EpollSelector
Creating Zarr event loop
Using selector: EpollSelector
key=volume/data, store_path=file:///data/joon/Dataset/FourierNetData/LarvalJebrafish/interpolated_1.625um/zjabc_train/2019-12-16-5dpf-Huc-H2B-G7FF/001_5dpf-Huc-H2B_rescaleZ.zarr/volume/data
key=volume/data, store_path=file:///data/joon/Dataset/FourierNetData/LarvalJebrafish/interpolated_1.625um/zjabc_train/2020-02-25_abc-Elavl3-H2B-GCaMP+Cytosolic-GCaMP/fish9_2020_02_25__11_39_12-Huc-H2B_rescaleZ.zarr/volume/data
key=volume?attrs, store_path=file:///data/joon/Dataset/FourierNetData/LarvalJebrafish/interpolated_1.625um/zjabc_train/2020-02-25_abc-Elavl3-H2B-GCaMP+Cytosolic-GCaMP/fish9_2020_02_25__11_39_12-Huc-H2B_rescaleZ.zarr/volume?attrs
key=volume?attrs, store_path=file:///data/joon/Dataset/FourierNetData/LarvalJebrafish/interpolated_1.625um/zjabc_train/2019-12-16-5dpf-Huc-H2B-G7FF/001_5dpf-Huc-H2B_rescaleZ.zarr/volume?attrs
key=volume/data, store_path=file:///data/joon/Dataset/FourierNetData/LarvalJebrafish/interpolated_1.625um/zjabc_train/2019-12-10-6dpf-Huc-H2B-jRGECO/002_6dpf_Huc-RGECO-H2B-G6f_rescaleZ.zarr/volume/data
key=volume/data, store_path=file:///data/joon/Dataset/FourierNetData/LarvalJebrafish/interpolated_1.625um/zjabc_train/2019-12-16-5dpf-Huc-H2B-G7FF/001_5dpf-Huc-H2B_rescaleZ.zarr/volume/data
key=volume/data, store_path=file:///data/joon/Dataset/FourierNetData/LarvalJebrafish/interpolated_1.625um/zjabc_train/2020-02-28_abc-Elval3-H2B-GCaMP+jRGECO/fish1_2020_03_01__19_19_45_rescaleZ.zarr/volume/data
key=volume/data, store_path=file:///data/joon/Dataset/FourierNetData/LarvalJebrafish/interpolated_1.625um/zjabc_train/2020-02-28_abc-Elval3-H2B-GCaMP+jRGECO/fish1_2020_03_02__17_44_17_rescaleZ.zarr/volume/data
key=volume/data, store_path=file:///data/joon/Dataset/FourierNetData/LarvalJebrafish/interpolated_1.625um/zjabc_train/2020-03-02-6dpf-elavl3-H2B-jRGECO/6dpf-elva3-H2B-jRGECO-fish001_rescaleZ.zarr/volume/data
key=volume?attrs, store_path=file:///data/joon/Dataset/FourierNetData/LarvalJebrafish/interpolated_1.625um/zjabc_train/2019-12-10-6dpf-Huc-H2B-jRGECO/002_6dpf_Huc-RGECO-H2B-G6f_rescaleZ.zarr/volume?attrs
key=volume?attrs, store_path=file:///data/joon/Dataset/FourierNetData/LarvalJebrafish/interpolated_1.625um/zjabc_train/2019-12-16-5dpf-Huc-H2B-G7FF/001_5dpf-Huc-H2B_rescaleZ.zarr/volume?attrs
key=volume?attrs, store_path=file:///data/joon/Dataset/FourierNetData/LarvalJebrafish/interpolated_1.625um/zjabc_train/2020-03-02-6dpf-elavl3-H2B-jRGECO/6dpf-elva3-H2B-jRGECO-fish001_rescaleZ.zarr/volume?attrs
key=volume?attrs, store_path=file:///data/joon/Dataset/FourierNetData/LarvalJebrafish/interpolated_1.625um/zjabc_train/2020-02-28_abc-Elval3-H2B-GCaMP+jRGECO/fish1_2020_03_01__19_19_45_rescaleZ.zarr/volume?attrs
key=volume?attrs, store_path=file:///data/joon/Dataset/FourierNetData/LarvalJebrafish/interpolated_1.625um/zjabc_train/2020-02-28_abc-Elval3-H2B-GCaMP+jRGECO/fish1_2020_03_02__17_44_17_rescaleZ.zarr/volume?attrs
Creating Zarr event loop
Using selector: EpollSelector
key=volume/data, store_path=file:///data/joon/Dataset/FourierNetData/LarvalJebrafish/interpolated_1.625um/zjabc_train/2020-03-15-_Elavl3-H2B-GC7ff_gfapjRGECO1b/fish2_elavl3GC7ff_gfapjRGECO1b_rescaleZ.zarr/volume/data
key=volume?attrs, store_path=file:///data/joon/Dataset/FourierNetData/LarvalJebrafish/interpolated_1.625um/zjabc_train/2020-03-15-_Elavl3-H2B-GC7ff_gfapjRGECO1b/fish2_elavl3GC7ff_gfapjRGECO1b_rescaleZ.zarr/volume?attrs
key=volume/data, store_path=file:///data/joon/Dataset/FourierNetData/LarvalJebrafish/interpolated_1.625um/zjabc_train/2020-03-02-6dpf-elavl3-H2B-jRGECO/6dpf-elva3-H2B-jRGECO-fish008_rescaleZ.zarr/volume/data
key=volume?attrs, store_path=file:///data/joon/Dataset/FourierNetData/LarvalJebrafish/interpolated_1.625um/zjabc_train/2020-03-02-6dpf-elavl3-H2B-jRGECO/6dpf-elva3-H2B-jRGECO-fish008_rescaleZ.zarr/volume?attrs
key=volume/data, store_path=file:///data/joon/Dataset/FourierNetData/LarvalJebrafish/interpolated_1.625um/zjabc_train/2020-02-25_abc-Elavl3-H2B-GCaMP+Cytosolic-GCaMP/fish9_2020_02_25__11_39_12-Huc-H2B_rescaleZ.zarr/volume/data
key=volume?attrs, store_path=file:///data/joon/Dataset/FourierNetData/LarvalJebrafish/interpolated_1.625um/zjabc_train/2020-02-25_abc-Elavl3-H2B-GCaMP+Cytosolic-GCaMP/fish9_2020_02_25__11_39_12-Huc-H2B_rescaleZ.zarr/volume?attrs
Creating Zarr event loop
Using selector: EpollSelector
Creating Zarr event loop
Creating Zarr event loop
Using selector: EpollSelector
Using selector: EpollSelector
Creating Zarr event loop
Using selector: EpollSelector
Creating Zarr event loop
Using selector: EpollSelector
key=volume/data, store_path=file:///data/joon/Dataset/FourierNetData/LarvalJebrafish/interpolated_1.625um/zjabc_train/2019-12-10-6dpf-Huc-H2B-jRGECO/001_6dpf_Huc-RGECO-H2B-G6f_rescaleZ.zarr/volume/data
key=volume/data, store_path=file:///data/joon/Dataset/FourierNetData/LarvalJebrafish/interpolated_1.625um/zjabc_train/2020-03-02-6dpf-elavl3-H2B-jRGECO/6dpf-elva3-H2B-jRGECO-fish004_rescaleZ.zarr/volume/data
Creating Zarr event loop
Using selector: EpollSelector
key=volume?attrs, store_path=file:///data/joon/Dataset/FourierNetData/LarvalJebrafish/interpolated_1.625um/zjabc_train/2019-12-10-6dpf-Huc-H2B-jRGECO/001_6dpf_Huc-RGECO-H2B-G6f_rescaleZ.zarr/volume?attrs
key=volume?attrs, store_path=file:///data/joon/Dataset/FourierNetData/LarvalJebrafish/interpolated_1.625um/zjabc_train/2020-03-02-6dpf-elavl3-H2B-jRGECO/6dpf-elva3-H2B-jRGECO-fish004_rescaleZ.zarr/volume?attrs
Creating Zarr event loop
key=volume/data, store_path=file:///data/joon/Dataset/FourierNetData/LarvalJebrafish/interpolated_1.625um/zjabc_train/2020-02-25_abc-Elavl3-H2B-GCaMP+Cytosolic-GCaMP/fish9_2020_02_25__11_39_12-Huc-H2B_rescaleZ.zarr/volume/data
Using selector: EpollSelector
key=volume?attrs, store_path=file:///data/joon/Dataset/FourierNetData/LarvalJebrafish/interpolated_1.625um/zjabc_train/2020-02-25_abc-Elavl3-H2B-GCaMP+Cytosolic-GCaMP/fish9_2020_02_25__11_39_12-Huc-H2B_rescaleZ.zarr/volume?attrs
Creating Zarr event loop
Using selector: EpollSelector
key=volume/data, store_path=file:///data/joon/Dataset/FourierNetData/LarvalJebrafish/interpolated_1.625um/zjabc_train/2020-02-25_abc-Elavl3-H2B-GCaMP+Cytosolic-GCaMP/fish8_nored_2020_02_25__10_33_47-Huc-H2B_rescaleZ.zarr/volume/data
key=volume/data, store_path=file:///data/joon/Dataset/FourierNetData/LarvalJebrafish/interpolated_1.625um/zjabc_train/2020-03-03_abc-Elavl3-H2B-GC7f_gfapjRGECO1b/fish3_2020_03_03__15_46_17_rescaleZ.zarr/volume/data
key=volume?attrs, store_path=file:///data/joon/Dataset/FourierNetData/LarvalJebrafish/interpolated_1.625um/zjabc_train/2020-02-25_abc-Elavl3-H2B-GCaMP+Cytosolic-GCaMP/fish8_nored_2020_02_25__10_33_47-Huc-H2B_rescaleZ.zarr/volume?attrs
key=volume?attrs, store_path=file:///data/joon/Dataset/FourierNetData/LarvalJebrafish/interpolated_1.625um/zjabc_train/2020-03-03_abc-Elavl3-H2B-GC7f_gfapjRGECO1b/fish3_2020_03_03__15_46_17_rescaleZ.zarr/volume?attrs
key=volume/data, store_path=file:///data/joon/Dataset/FourierNetData/LarvalJebrafish/interpolated_1.625um/zjabc_train/2020-03-17-Elavl3-H2B-GC7f_gfapjRGECO1b/fish2_elavl3H2BGC7f_gfapjRGECO1b_rescaleZ.zarr/volume/data
key=volume?attrs, store_path=file:///data/joon/Dataset/FourierNetData/LarvalJebrafish/interpolated_1.625um/zjabc_train/2020-03-17-Elavl3-H2B-GC7f_gfapjRGECO1b/fish2_elavl3H2BGC7f_gfapjRGECO1b_rescaleZ.zarr/volume?attrs
key=volume/data, store_path=file:///data/joon/Dataset/FourierNetData/LarvalJebrafish/interpolated_1.625um/zjabc_train/2020-03-02-6dpf-elavl3-H2B-jRGECO/6dpf-elva3-H2B-jRGECO-fish006_rescaleZ.zarr/volume/data
key=volume/data, store_path=file:///data/joon/Dataset/FourierNetData/LarvalJebrafish/interpolated_1.625um/zjabc_train/2020-03-03-Elavl3-H2B-GCaMP/2# huc_h2b-gc7ff_vglut2_jRGECO_6dpf_rescaleZ.zarr/volume/data
key=volume?attrs, store_path=file:///data/joon/Dataset/FourierNetData/LarvalJebrafish/interpolated_1.625um/zjabc_train/2020-03-02-6dpf-elavl3-H2B-jRGECO/6dpf-elva3-H2B-jRGECO-fish006_rescaleZ.zarr/volume?attrs
key=volume?attrs, store_path=file:///data/joon/Dataset/FourierNetData/LarvalJebrafish/interpolated_1.625um/zjabc_train/2020-03-03-Elavl3-H2B-GCaMP/2# huc_h2b-gc7ff_vglut2_jRGECO_6dpf_rescaleZ.zarr/volume?attrs
key=volume/data, store_path=file:///data/joon/Dataset/FourierNetData/LarvalJebrafish/interpolated_1.625um/zjabc_train/2020-03-15-_Elavl3-H2B-GC7ff_gfapjRGECO1b/fish2_elavl3GC7ff_gfapjRGECO1b_rescaleZ.zarr/volume/data
key=volume?attrs, store_path=file:///data/joon/Dataset/FourierNetData/LarvalJebrafish/interpolated_1.625um/zjabc_train/2020-03-15-_Elavl3-H2B-GC7ff_gfapjRGECO1b/fish2_elavl3GC7ff_gfapjRGECO1b_rescaleZ.zarr/volume?attrs
key=volume/data, store_path=file:///data/joon/Dataset/FourierNetData/LarvalJebrafish/interpolated_1.625um/zjabc_train/2020-03-03_abc-Elavl3-H2B-GC7f_gfapjRGECO1b/fish5_2020_03_03__18_41_51_rescaleZ.zarr/volume/data
key=volume?attrs, store_path=file:///data/joon/Dataset/FourierNetData/LarvalJebrafish/interpolated_1.625um/zjabc_train/2020-03-03_abc-Elavl3-H2B-GC7f_gfapjRGECO1b/fish5_2020_03_03__18_41_51_rescaleZ.zarr/volume?attrs
key=volume/data, store_path=file:///data/joon/Dataset/FourierNetData/LarvalJebrafish/interpolated_1.625um/zjabc_train/2020-03-02-6dpf-elavl3-H2B-jRGECO/6dpf-elva3-H2B-jRGECO-fish008_rescaleZ.zarr/volume/data
key=volume?attrs, store_path=file:///data/joon/Dataset/FourierNetData/LarvalJebrafish/interpolated_1.625um/zjabc_train/2020-03-02-6dpf-elavl3-H2B-jRGECO/6dpf-elva3-H2B-jRGECO-fish008_rescaleZ.zarr/volume?attrs
key=volume/data, store_path=file:///data/joon/Dataset/FourierNetData/LarvalJebrafish/interpolated_1.625um/zjabc_train/2019-12-10-6dpf-Huc-H2B-jRGECO/002_6dpf_Huc-RGECO-H2B-G6f_rescaleZ.zarr/volume/data
key=volume?attrs, store_path=file:///data/joon/Dataset/FourierNetData/LarvalJebrafish/interpolated_1.625um/zjabc_train/2019-12-10-6dpf-Huc-H2B-jRGECO/002_6dpf_Huc-RGECO-H2B-G6f_rescaleZ.zarr/volume?attrs
Creating Zarr event loop
Creating Zarr event loop
Using selector: EpollSelector
Creating Zarr event loop
Using selector: EpollSelector
Creating Zarr event loop
Creating Zarr event loop
Creating Zarr event loop
Using selector: EpollSelector
Using selector: EpollSelector
Using selector: EpollSelector
Using selector: EpollSelector
Creating Zarr event loop
Using selector: EpollSelector
key=volume/data, store_path=file:///data/joon/Dataset/FourierNetData/LarvalJebrafish/interpolated_1.625um/zjabc_train/2020-03-03_abc-Elavl3-H2B-GC7f_gfapjRGECO1b/fish7_2020_03_03__21_19_05_rescaleZ.zarr/volume/data
key=volume/data, store_path=file:///data/joon/Dataset/FourierNetData/LarvalJebrafish/interpolated_1.625um/zjabc_train/2020-03-15-_Elavl3-H2B-GC7ff_gfapjRGECO1b/fish2_elavl3GC7ff_gfapjRGECO1b_rescaleZ.zarr/volume/data
key=volume/data, store_path=file:///data/joon/Dataset/FourierNetData/LarvalJebrafish/interpolated_1.625um/zjabc_train/2020-02-25_abc-Elavl3-H2B-GCaMP+Cytosolic-GCaMP/fish9_2020_02_25__11_39_12-Huc-H2B_rescaleZ.zarr/volume/data
key=volume/data, store_path=file:///data/joon/Dataset/FourierNetData/LarvalJebrafish/interpolated_1.625um/zjabc_train/2019-12-17-6dpf-Huc-H2B-G7FF/001_6dpf_huc-H2b_fish_rescaleZ.zarr/volume/data
key=volume/data, store_path=file:///data/joon/Dataset/FourierNetData/LarvalJebrafish/interpolated_1.625um/zjabc_train/2020-03-01-5dpf-elavl3-H2B-jRGECO/5dpf-elval3-H2B-jRGGECO-fish001_rescaleZ.zarr/volume/data
Creating Zarr event loop
key=volume?attrs, store_path=file:///data/joon/Dataset/FourierNetData/LarvalJebrafish/interpolated_1.625um/zjabc_train/2020-03-03_abc-Elavl3-H2B-GC7f_gfapjRGECO1b/fish7_2020_03_03__21_19_05_rescaleZ.zarr/volume?attrs
key=volume/data, store_path=file:///data/joon/Dataset/FourierNetData/LarvalJebrafish/interpolated_1.625um/zjabc_train/2020-03-17-Elavl3-H2B-GC7f_gfapjRGECO1b/fish1_elavl3H2BGC7f_gfapjRGECO1b_rescaleZ.zarr/volume/data
Using selector: EpollSelector
key=volume?attrs, store_path=file:///data/joon/Dataset/FourierNetData/LarvalJebrafish/interpolated_1.625um/zjabc_train/2020-03-15-_Elavl3-H2B-GC7ff_gfapjRGECO1b/fish2_elavl3GC7ff_gfapjRGECO1b_rescaleZ.zarr/volume?attrs
key=volume?attrs, store_path=file:///data/joon/Dataset/FourierNetData/LarvalJebrafish/interpolated_1.625um/zjabc_train/2020-02-25_abc-Elavl3-H2B-GCaMP+Cytosolic-GCaMP/fish9_2020_02_25__11_39_12-Huc-H2B_rescaleZ.zarr/volume?attrs
key=volume/data, store_path=file:///data/joon/Dataset/FourierNetData/LarvalJebrafish/interpolated_1.625um/zjabc_train/2020-03-18-Elavl3-H2B-GC7f_gfapjRGECO1b/fish1_elavl3H2BGC7f_gfapjRGECO1b_rescaleZ.zarr/volume/data
key=volume?attrs, store_path=file:///data/joon/Dataset/FourierNetData/LarvalJebrafish/interpolated_1.625um/zjabc_train/2019-12-17-6dpf-Huc-H2B-G7FF/001_6dpf_huc-H2b_fish_rescaleZ.zarr/volume?attrs
key=volume?attrs, store_path=file:///data/joon/Dataset/FourierNetData/LarvalJebrafish/interpolated_1.625um/zjabc_train/2020-03-01-5dpf-elavl3-H2B-jRGECO/5dpf-elval3-H2B-jRGGECO-fish001_rescaleZ.zarr/volume?attrs
key=volume?attrs, store_path=file:///data/joon/Dataset/FourierNetData/LarvalJebrafish/interpolated_1.625um/zjabc_train/2020-03-17-Elavl3-H2B-GC7f_gfapjRGECO1b/fish1_elavl3H2BGC7f_gfapjRGECO1b_rescaleZ.zarr/volume?attrs
key=volume?attrs, store_path=file:///data/joon/Dataset/FourierNetData/LarvalJebrafish/interpolated_1.625um/zjabc_train/2020-03-18-Elavl3-H2B-GC7f_gfapjRGECO1b/fish1_elavl3H2BGC7f_gfapjRGECO1b_rescaleZ.zarr/volume?attrs
key=volume/data, store_path=file:///data/joon/Dataset/FourierNetData/LarvalJebrafish/interpolated_1.625um/zjabc_train/2019-12-17-6dpf-Huc-H2B-G7FF/001_6dpf_huc-H2b_fish_rescaleZ.zarr/volume/data
key=volume?attrs, store_path=file:///data/joon/Dataset/FourierNetData/LarvalJebrafish/interpolated_1.625um/zjabc_train/2019-12-17-6dpf-Huc-H2B-G7FF/001_6dpf_huc-H2b_fish_rescaleZ.zarr/volume?attrs
key=volume/data, store_path=file:///data/joon/Dataset/FourierNetData/LarvalJebrafish/interpolated_1.625um/zjabc_train/2020-03-01-5dpf-elavl3-H2B-jRGECO/5dpf-elval3-H2B-jRGGECO-fish004_rescaleZ.zarr/volume/data
key=volume?attrs, store_path=file:///data/joon/Dataset/FourierNetData/LarvalJebrafish/interpolated_1.625um/zjabc_train/2020-03-01-5dpf-elavl3-H2B-jRGECO/5dpf-elval3-H2B-jRGGECO-fish004_rescaleZ.zarr/volume?attrs
key=volume/data, store_path=file:///data/joon/Dataset/FourierNetData/LarvalJebrafish/interpolated_1.625um/zjabc_train/2019-12-17-6dpf-Huc-H2B-G7FF/005_6dpf_huc-H2b_fish_rescaleZ.zarr/volume/data
key=volume?attrs, store_path=file:///data/joon/Dataset/FourierNetData/LarvalJebrafish/interpolated_1.625um/zjabc_train/2019-12-17-6dpf-Huc-H2B-G7FF/005_6dpf_huc-H2b_fish_rescaleZ.zarr/volume?attrs
Creating Zarr event loop
Using selector: EpollSelector
Creating Zarr event loop
Using selector: EpollSelector
Creating Zarr event loop
Creating Zarr event loop
Creating Zarr event loop
Using selector: EpollSelector
Using selector: EpollSelector
Using selector: EpollSelector
Creating Zarr event loop
Using selector: EpollSelector
Creating Zarr event loop
key=volume/data, store_path=file:///data/joon/Dataset/FourierNetData/LarvalJebrafish/interpolated_1.625um/zjabc_train/2019-12-17-6dpf-Huc-H2B-G7FF/003_6dpf_huc-H2b_fish_rescaleZ.zarr/volume/data
key=volume/data, store_path=file:///data/joon/Dataset/FourierNetData/LarvalJebrafish/interpolated_1.625um/zjabc_train/2020-03-15-_Elavl3-H2B-GC7ff_gfapjRGECO1b/fish2_elavl3GC7ff_gfapjRGECO1b_rescaleZ.zarr/volume/data
Creating Zarr event loop
Using selector: EpollSelector
Using selector: EpollSelector
key=volume/data, store_path=file:///data/joon/Dataset/FourierNetData/LarvalJebrafish/interpolated_1.625um/zjabc_train/2020-02-28_abc-Elval3-H2B-GCaMP+jRGECO/fish1_2020_03_01__16_10_18_rescaleZ.zarr/volume/data
key=volume/attrs, store_path=file:///data/joon/Dataset/FourierNetData/LarvalJebrafish/interpolated_1.625um/zjabc_train/2019-12-17-6dpf-Huc-H2B-G7FF/003_6dpf_huc-H2b_fish_rescaleZ.zarr/volume/attrs
key=volume/attrs, store_path=file:///data/joon/Dataset/FourierNetData/LarvalJebrafish/interpolated_1.625um/zjabc_train/2020-03-15-_Elavl3-H2B-GC7ff_gfapjRGECO1b/fish2_elavl3GC7ff_gfapjRGECO1b_rescaleZ.zarr/volume/attrs
key=volume/data, store_path=file:///data/joon/Dataset/FourierNetData/LarvalJebrafish/interpolated_1.625um/zjabc_train/2020-02-27_abc-Elavl3-H2B-GCaMP/022720_fish1_rescaleZ.zarr/volume/data
key=volume/attrs, store_path=file:///data/joon/Dataset/FourierNetData/LarvalJebrafish/interpolated_1.625um/zjabc_train/2019-12-17-6dpf-Huc-H2B-G7FF/003_6dpf_huc-H2b_fish_rescaleZ.zarr/volume/attrs
key=volume/attrs, store_path=file:///data/joon/Dataset/FourierNetData/LarvalJebrafish/interpolated_1.625um/zjabc_train/2020-03-15-_Elavl3-H2B-GC7ff_gfapjRGECO1b/fish2_elavl3GC7ff_gfapjRGECO1b_rescaleZ.zarr/volume/attrs
key=volume/attrs, store_path=file:///data/joon/Dataset/FourierNetData/LarvalJebrafish/interpolated_1.625um/zjabc_train/2020-02-28_abc-Elval3-H2B-GCaMP+jRGECO/fish1_2020_03_01__16_10_18_rescaleZ.zarr/volume/attrs
key=volume/attrs, store_path=file:///data/joon/Dataset/FourierNetData/LarvalJebrafish/interpolated_1.625um/zjabc_train/2020-02-28_abc-Elval3-H2B-GCaMP+jRGECO/fish1_2020_03_01__16_10_18_rescaleZ.zarr/volume/attrs
key=volume/data, store_path=file:///data/joon/Dataset/FourierNetData/LarvalJebrafish/interpolated_1.625um/zjabc_train/2020-02-25_abc-Elavl3-H2B-GCaMP+Cytosolic-GCaMP/fish9_2020_02_25__11_39_12-Huc-H2B_rescaleZ.zarr/volume/data
key=volume/attrs, store_path=file:///data/joon/Dataset/FourierNetData/LarvalJebrafish/interpolated_1.625um/zjabc_train/2020-02-27_abc-Elavl3-H2B-GCaMP/022720_fish1_rescaleZ.zarr/volume/attrs
key=volume/data, store_path=file:///data/joon/Dataset/FourierNetData/LarvalJebrafish/interpolated_1.625um/zjabc_train/2019-12-10-6dpf-Huc-H2B-jRGECO/001_6dpf_Huc-RGECO-H2B-G6f_rescaleZ.zarr/volume/data
key=volume/attrs, store_path=file:///data/joon/Dataset/FourierNetData/LarvalJebrafish/interpolated_1.625um/zjabc_train/2020-02-25_abc-Elavl3-H2B-GCaMP+Cytosolic-GCaMP/fish9_2020_02_25__11_39_12-Huc-H2B_rescaleZ.zarr/volume/attrs
key=volume/data, store_path=file:///data/joon/Dataset/FourierNetData/LarvalJebrafish/interpolated_1.625um/zjabc_train/2019-12-10-6dpf-Huc-H2B-jRGECO/002_6dpf_Huc-RGECO-H2B-G6f_rescaleZ.zarr/volume/data
key=volume/data, store_path=file:///data/joon/Dataset/FourierNetData/LarvalJebrafish/interpolated_1.625um/zjabc_train/2020-03-15-_Elavl3-H2B-GC7ff_gfapjRGECO1b/fish2_elavl3GC7ff_gfapjRGECO1b_rescaleZ.zarr/volume/data
key=volume/attrs, store_path=file:///data/joon/Dataset/FourierNetData/LarvalJebrafish/interpolated_1.625um/zjabc_train/2020-02-27_abc-Elavl3-H2B-GCaMP/022720_fish1_rescaleZ.zarr/volume/attrs
key=volume/attrs, store_path=file:///data/joon/Dataset/FourierNetData/LarvalJebrafish/interpolated_1.625um/zjabc_train/2020-02-25_abc-Elavl3-H2B-GCaMP+Cytosolic-GCaMP/fish9_2020_02_25__11_39_12-Huc-H2B_rescaleZ.zarr/volume/attrs
key=volume/attrs, store_path=file:///data/joon/Dataset/FourierNetData/LarvalJebrafish/interpolated_1.625um/zjabc_train/2019-12-10-6dpf-Huc-H2B-jRGECO/001_6dpf_Huc-RGECO-H2B-G6f_rescaleZ.zarr/volume/attrs
key=volume/attrs, store_path=file:///data/joon/Dataset/FourierNetData/LarvalJebrafish/interpolated_1.625um/zjabc_train/2019-12-10-6dpf-Huc-H2B-jRGECO/001_6dpf_Huc-RGECO-H2B-G6f_rescaleZ.zarr/volume/attrs
key=volume/attrs, store_path=file:///data/joon/Dataset/FourierNetData/LarvalJebrafish/interpolated_1.625um/zjabc_train/2020-03-15-_Elavl3-H2B-GC7ff_gfapjRGECO1b/fish2_elavl3GC7ff_gfapjRGECO1b_rescaleZ.zarr/volume/attrs
key=volume/attrs, store_path=file:///data/joon/Dataset/FourierNetData/LarvalJebrafish/interpolated_1.625um/zjabc_train/2019-12-10-6dpf-Huc-H2B-jRGECO/002_6dpf_Huc-RGECO-H2B-G6f_rescaleZ.zarr/volume/attrs
key=volume/attrs, store_path=file:///data/joon/Dataset/FourierNetData/LarvalJebrafish/interpolated_1.625um/zjabc_train/2019-12-10-6dpf-Huc-H2B-jRGECO/002_6dpf_Huc-RGECO-H2B-G6f_rescaleZ.zarr/volume/attrs
key=volume/attrs, store_path=file:///data/joon/Dataset/FourierNetData/LarvalJebrafish/interpolated_1.625um/zjabc_train/2020-03-15-_Elavl3-H2B-GC7ff_gfapjRGECO1b/fish2_elavl3GC7ff_gfapjRGECO1b_rescaleZ.zarr/volume/attrs
key=volume/data, store_path=file:///data/joon/Dataset/FourierNetData/LarvalJebrafish/interpolated_1.625um/zjabc_train/2019-12-17-6dpf-Huc-H2B-G7FF/002_6dpf_huc-H2b_fish_rescaleZ.zarr/volume/data
key=volume/attrs, store_path=file:///data/joon/Dataset/FourierNetData/LarvalJebrafish/interpolated_1.625um/zjabc_train/2019-12-17-6dpf-Huc-H2B-G7FF/002_6dpf_huc-H2b_fish_rescaleZ.zarr/volume/attrs
key=volume/attrs, store_path=file:///data/joon/Dataset/FourierNetData/LarvalJebrafish/interpolated_1.625um/zjabc_train/2019-12-17-6dpf-Huc-H2B-G7FF/002_6dpf_huc-H2b_fish_rescaleZ.zarr/volume/attrs
key=volume/data, store_path=file:///data/joon/Dataset/FourierNetData/LarvalJebrafish/interpolated_1.625um/zjabc_train/2020-03-01-5dpf-elavl3-H2B-jRGECO/5dpf-elval3-H2B-jRGGECO-fish001_rescaleZ.zarr/volume/data
key=volume/attrs, store_path=file:///data/joon/Dataset/FourierNetData/LarvalJebrafish/interpolated_1.625um/zjabc_train/2020-03-01-5dpf-elavl3-H2B-jRGECO/5dpf-elval3-H2B-jRGGECO-fish001_rescaleZ.zarr/volume/attrs
key=volume/attrs, store_path=file:///data/joon/Dataset/FourierNetData/LarvalJebrafish/interpolated_1.625um/zjabc_train/2020-03-01-5dpf-elavl3-H2B-jRGECO/5dpf-elval3-H2B-jRGGECO-fish001_rescaleZ.zarr/volume/attrs
key=volume/data, store_path=file:///data/joon/Dataset/FourierNetData/LarvalJebrafish/interpolated_1.625um/zjabc_train/2020-03-03_abc-Elavl3-H2B-GC7f_gfapjRGECO1b/fish4_2020_03_03__17_37_04_rescaleZ.zarr/volume/data
key=volume/attrs, store_path=file:///data/joon/Dataset/FourierNetData/LarvalJebrafish/interpolated_1.625um/zjabc_train/2020-03-03_abc-Elavl3-H2B-GC7f_gfapjRGECO1b/fish4_2020_03_03__17_37_04_rescaleZ.zarr/volume/attrs
key=volume/attrs, store_path=file:///data/joon/Dataset/FourierNetData/LarvalJebrafish/interpolated_1.625um/zjabc_train/2020-03-03_abc-Elavl3-H2B-GC7f_gfapjRGECO1b/fish4_2020_03_03__17_37_04_rescaleZ.zarr/volume/attrs
Creating Zarr event loop
Creating Zarr event loop
Using selector: EpollSelector
Using selector: EpollSelector
Creating Zarr event loop
Creating Zarr event loop
Creating Zarr event loop
Using selector: EpollSelector
Using selector: EpollSelector
Using selector: EpollSelector
Creating Zarr event loop
Creating Zarr event loop
Using selector: EpollSelector
Using selector: EpollSelector
key=volume/data, store_path=file:///data/joon/Dataset/FourierNetData/LarvalJebrafish/interpolated_1.625um/zjabc_train/2020-03-03-Elavl3-H2B-GCaMP/2# huc_h2b-gc7ff_vglut2_jRGECO_6dpf_rescaleZ.zarr/volume/data
key=volume/data, store_path=file:///data/joon/Dataset/FourierNetData/LarvalJebrafish/interpolated_1.625um/zjabc_train/2020-02-27_abc-Elavl3-H2B-GCaMP/022720_fish1_rescaleZ.zarr/volume/data
key=volume/data, store_path=file:///data/joon/Dataset/FourierNetData/LarvalJebrafish/interpolated_1.625um/zjabc_train/2019-12-17-6dpf-Huc-H2B-G7FF/003_6dpf_huc-H2b_fish_rescaleZ.zarr/volume/data
key=volume/data, store_path=file:///data/joon/Dataset/FourierNetData/LarvalJebrafish/interpolated_1.625um/zjabc_train/2020-03-03_abc-Elavl3-H2B-GC7f_gfapjRGECO1b/fish4_2020_03_03__17_37_04_rescaleZ.zarr/volume/data
Creating Zarr event loop
key=volume/attrs, store_path=file:///data/joon/Dataset/FourierNetData/LarvalJebrafish/interpolated_1.625um/zjabc_train/2020-03-03-Elavl3-H2B-GCaMP/2# huc_h2b-gc7ff_vglut2_jRGECO_6dpf_rescaleZ.zarr/volume/attrs
Using selector: EpollSelector
key=volume/data, store_path=file:///data/joon/Dataset/FourierNetData/LarvalJebrafish/interpolated_1.625um/zjabc_train/2019-12-17-6dpf-Huc-H2B-G7FF/002_6dpf_huc-H2b_fish_rescaleZ.zarr/volume/data
key=volume/attrs, store_path=file:///data/joon/Dataset/FourierNetData/LarvalJebrafish/interpolated_1.625um/zjabc_train/2020-02-27_abc-Elavl3-H2B-GCaMP/022720_fish1_rescaleZ.zarr/volume/attrs
key=volume/attrs, store_path=file:///data/joon/Dataset/FourierNetData/LarvalJebrafish/interpolated_1.625um/zjabc_train/2020-03-03-Elavl3-H2B-GCaMP/2# huc_h2b-gc7ff_vglut2_jRGECO_6dpf_rescaleZ.zarr/volume/attrs
key=volume/attrs, store_path=file:///data/joon/Dataset/FourierNetData/LarvalJebrafish/interpolated_1.625um/zjabc_train/2020-02-27_abc-Elavl3-H2B-GCaMP/022720_fish1_rescaleZ.zarr/volume/attrs
key=volume/attrs, store_path=file:///data/joon/Dataset/FourierNetData/LarvalJebrafish/interpolated_1.625um/zjabc_train/2019-12-17-6dpf-Huc-H2B-G7FF/003_6dpf_huc-H2b_fish_rescaleZ.zarr/volume/attrs
key=volume/attrs, store_path=file:///data/joon/Dataset/FourierNetData/LarvalJebrafish/interpolated_1.625um/zjabc_train/2020-03-03_abc-Elavl3-H2B-GC7f_gfapjRGECO1b/fish4_2020_03_03__17_37_04_rescaleZ.zarr/volume/attrs
key=volume/data, store_path=file:///data/joon/Dataset/FourierNetData/LarvalJebrafish/interpolated_1.625um/zjabc_train/2020-03-17-Elavl3-H2B-GC7f_gfapjRGECO1b/fish1_elavl3H2BGC7f_gfapjRGECO1b_rescaleZ.zarr/volume/data
key=volume/data, store_path=file:///data/joon/Dataset/FourierNetData/LarvalJebrafish/interpolated_1.625um/zjabc_train/2020-03-03-Elavl3-H2B-GCaMP/2# huc_h2b-gc7ff_vglut2_jRGECO_6dpf_rescaleZ.zarr/volume/data
key=volume/attrs, store_path=file:///data/joon/Dataset/FourierNetData/LarvalJebrafish/interpolated_1.625um/zjabc_train/2019-12-17-6dpf-Huc-H2B-G7FF/002_6dpf_huc-H2b_fish_rescaleZ.zarr/volume/attrs
key=volume/attrs, store_path=file:///data/joon/Dataset/FourierNetData/LarvalJebrafish/interpolated_1.625um/zjabc_train/2020-03-03_abc-Elavl3-H2B-GC7f_gfapjRGECO1b/fish4_2020_03_03__17_37_04_rescaleZ.zarr/volume/attrs
key=volume/attrs, store_path=file:///data/joon/Dataset/FourierNetData/LarvalJebrafish/interpolated_1.625um/zjabc_train/2019-12-17-6dpf-Huc-H2B-G7FF/003_6dpf_huc-H2b_fish_rescaleZ.zarr/volume/attrs
key=volume/attrs, store_path=file:///data/joon/Dataset/FourierNetData/LarvalJebrafish/interpolated_1.625um/zjabc_train/2020-03-17-Elavl3-H2B-GC7f_gfapjRGECO1b/fish1_elavl3H2BGC7f_gfapjRGECO1b_rescaleZ.zarr/volume/attrs
key=volume/attrs, store_path=file:///data/joon/Dataset/FourierNetData/LarvalJebrafish/interpolated_1.625um/zjabc_train/2019-12-17-6dpf-Huc-H2B-G7FF/002_6dpf_huc-H2b_fish_rescaleZ.zarr/volume/attrs
key=volume/attrs, store_path=file:///data/joon/Dataset/FourierNetData/LarvalJebrafish/interpolated_1.625um/zjabc_train/2020-03-03-Elavl3-H2B-GCaMP/2# huc_h2b-gc7ff_vglut2_jRGECO_6dpf_rescaleZ.zarr/volume/attrs
key=volume/attrs, store_path=file:///data/joon/Dataset/FourierNetData/LarvalJebrafish/interpolated_1.625um/zjabc_train/2020-03-03-Elavl3-H2B-GCaMP/2# huc_h2b-gc7ff_vglut2_jRGECO_6dpf_rescaleZ.zarr/volume/attrs
key=volume/attrs, store_path=file:///data/joon/Dataset/FourierNetData/LarvalJebrafish/interpolated_1.625um/zjabc_train/2020-03-17-Elavl3-H2B-GC7f_gfapjRGECO1b/fish1_elavl3H2BGC7f_gfapjRGECO1b_rescaleZ.zarr/volume/attrs
key=volume/data, store_path=file:///data/joon/Dataset/FourierNetData/LarvalJebrafish/interpolated_1.625um/zjabc_train/2019-12-10-6dpf-Huc-H2B-jRGECO/001_6dpf_Huc-RGECO-H2B-G6f_rescaleZ.zarr/volume/data
key=volume/attrs, store_path=file:///data/joon/Dataset/FourierNetData/LarvalJebrafish/interpolated_1.625um/zjabc_train/2019-12-10-6dpf-Huc-H2B-jRGECO/001_6dpf_Huc-RGECO-H2B-G6f_rescaleZ.zarr/volume/attrs
key=volume/attrs, store_path=file:///data/joon/Dataset/FourierNetData/LarvalJebrafish/interpolated_1.625um/zjabc_train/2019-12-10-6dpf-Huc-H2B-jRGECO/001_6dpf_Huc-RGECO-H2B-G6f_rescaleZ.zarr/volume/attrs
key=volume/data, store_path=file:///data/joon/Dataset/FourierNetData/LarvalJebrafish/interpolated_1.625um/zjabc_train/2020-03-01-5dpf-elavl3-H2B-jRGECO/5dpf-elval3-H2B-jRGGECO-fish001_rescaleZ.zarr/volume/data
key=volume/data, store_path=file:///data/joon/Dataset/FourierNetData/LarvalJebrafish/interpolated_1.625um/zjabc_train/2020-03-15-_Elavl3-H2B-GC7ff_gfapjRGECO1b/fish2_elavl3GC7ff_gfapjRGECO1b_rescaleZ.zarr/volume/data
key=volume/attrs, store_path=file:///data/joon/Dataset/FourierNetData/LarvalJebrafish/interpolated_1.625um/zjabc_train/2020-03-15-_Elavl3-H2B-GC7ff_gfapjRGECO1b/fish2_elavl3GC7ff_gfapjRGECO1b_rescaleZ.zarr/volume/attrs
key=volume/attrs, store_path=file:///data/joon/Dataset/FourierNetData/LarvalJebrafish/interpolated_1.625um/zjabc_train/2020-03-01-5dpf-elavl3-H2B-jRGECO/5dpf-elval3-H2B-jRGGECO-fish001_rescaleZ.zarr/volume/attrs
key=volume/data, store_path=file:///data/joon/Dataset/FourierNetData/LarvalJebrafish/interpolated_1.625um/zjabc_train/2019-12-17-6dpf-Huc-H2B-G7FF/005_6dpf_huc-H2b_fish_rescaleZ.zarr/volume/data
key=volume/attrs, store_path=file:///data/joon/Dataset/FourierNetData/LarvalJebrafish/interpolated_1.625um/zjabc_train/2020-03-15-_Elavl3-H2B-GC7ff_gfapjRGECO1b/fish2_elavl3GC7ff_gfapjRGECO1b_rescaleZ.zarr/volume/attrs
key=volume/attrs, store_path=file:///data/joon/Dataset/FourierNetData/LarvalJebrafish/interpolated_1.625um/zjabc_train/2020-03-01-5dpf-elavl3-H2B-jRGECO/5dpf-elval3-H2B-jRGGECO-fish001_rescaleZ.zarr/volume/attrs
key=volume/attrs, store_path=file:///data/joon/Dataset/FourierNetData/LarvalJebrafish/interpolated_1.625um/zjabc_train/2019-12-17-6dpf-Huc-H2B-G7FF/005_6dpf_huc-H2b_fish_rescaleZ.zarr/volume/attrs
key=volume/attrs, store_path=file:///data/joon/Dataset/FourierNetData/LarvalJebrafish/interpolated_1.625um/zjabc_train/2019-12-17-6dpf-Huc-H2B-G7FF/005_6dpf_huc-H2b_fish_rescaleZ.zarr/volume/attrs
